0 info it worked if it ends with ok
1 verbose cli [ '/usr/local/bin/node',
1 verbose cli   '/usr/local/bin/npm',
1 verbose cli   'install',
1 verbose cli   'gulp',
1 verbose cli   '-g' ]
2 info using npm@2.15.1
3 info using node@v4.4.4
4 verbose install initial load of /usr/local/lib/package.json
5 verbose readDependencies loading dependencies from /usr/local/lib/package.json
6 silly cache add args [ 'gulp', null ]
7 verbose cache add spec gulp
8 silly cache add parsed spec Result {
8 silly cache add   raw: 'gulp',
8 silly cache add   scope: null,
8 silly cache add   name: 'gulp',
8 silly cache add   rawSpec: '',
8 silly cache add   spec: 'latest',
8 silly cache add   type: 'tag' }
9 silly addNamed gulp@latest
10 verbose addNamed "latest" is being treated as a dist-tag for gulp
11 info addNameTag [ 'gulp', 'latest' ]
12 silly mapToRegistry name gulp
13 silly mapToRegistry using default registry
14 silly mapToRegistry registry https://registry.npmjs.org/
15 silly mapToRegistry data Result {
15 silly mapToRegistry   raw: 'gulp',
15 silly mapToRegistry   scope: null,
15 silly mapToRegistry   name: 'gulp',
15 silly mapToRegistry   rawSpec: '',
15 silly mapToRegistry   spec: 'latest',
15 silly mapToRegistry   type: 'tag' }
16 silly mapToRegistry uri https://registry.npmjs.org/gulp
17 verbose addNameTag registry:https://registry.npmjs.org/gulp not in flight; fetching
18 verbose request uri https://registry.npmjs.org/gulp
19 verbose request no auth needed
20 info attempt registry request try #1 at 10:00:17 AM
21 verbose request id ec65678066c3e311
22 http request GET https://registry.npmjs.org/gulp
23 http 200 https://registry.npmjs.org/gulp
24 verbose headers { server: 'CouchDB/1.5.0 (Erlang OTP/R16B03)',
24 verbose headers   etag: '"DMB4OWH9XX9D6GTUC3GFP6LUL"',
24 verbose headers   'content-type': 'application/json',
24 verbose headers   'cache-control': 'max-age=300',
24 verbose headers   'content-length': '114002',
24 verbose headers   'accept-ranges': 'bytes',
24 verbose headers   date: 'Sun, 08 May 2016 03:00:17 GMT',
24 verbose headers   via: '1.1 varnish',
24 verbose headers   age: '261',
24 verbose headers   connection: 'keep-alive',
24 verbose headers   'x-served-by': 'cache-hkg6824-HKG',
24 verbose headers   'x-cache': 'HIT',
24 verbose headers   'x-cache-hits': '1',
24 verbose headers   'x-timer': 'S1462676417.558745,VS0,VE0',
24 verbose headers   vary: 'Accept-Encoding' }
25 silly get cb [ 200,
25 silly get   { server: 'CouchDB/1.5.0 (Erlang OTP/R16B03)',
25 silly get     etag: '"DMB4OWH9XX9D6GTUC3GFP6LUL"',
25 silly get     'content-type': 'application/json',
25 silly get     'cache-control': 'max-age=300',
25 silly get     'content-length': '114002',
25 silly get     'accept-ranges': 'bytes',
25 silly get     date: 'Sun, 08 May 2016 03:00:17 GMT',
25 silly get     via: '1.1 varnish',
25 silly get     age: '261',
25 silly get     connection: 'keep-alive',
25 silly get     'x-served-by': 'cache-hkg6824-HKG',
25 silly get     'x-cache': 'HIT',
25 silly get     'x-cache-hits': '1',
25 silly get     'x-timer': 'S1462676417.558745,VS0,VE0',
25 silly get     vary: 'Accept-Encoding' } ]
26 verbose get saving gulp to /Users/sangdngc60231/.npm/registry.npmjs.org/gulp/.cache.json
27 verbose correctMkdir /Users/sangdngc60231/.npm correctMkdir not in flight; initializing
28 silly addNameTag next cb for gulp with tag latest
29 silly addNamed gulp@3.9.1
30 verbose addNamed "3.9.1" is a plain semver version for gulp
31 silly mapToRegistry name gulp
32 silly mapToRegistry using default registry
33 silly mapToRegistry registry https://registry.npmjs.org/
34 silly mapToRegistry data Result {
34 silly mapToRegistry   raw: 'gulp',
34 silly mapToRegistry   scope: null,
34 silly mapToRegistry   name: 'gulp',
34 silly mapToRegistry   rawSpec: '',
34 silly mapToRegistry   spec: 'latest',
34 silly mapToRegistry   type: 'tag' }
35 silly mapToRegistry uri https://registry.npmjs.org/gulp
36 verbose addRemoteTarball https://registry.npmjs.org/gulp/-/gulp-3.9.1.tgz not in flight; adding
37 verbose addRemoteTarball [ 'https://registry.npmjs.org/gulp/-/gulp-3.9.1.tgz',
37 verbose addRemoteTarball   '571ce45928dd40af6514fc4011866016c13845b4' ]
38 info retry fetch attempt 1 at 10:00:17 AM
39 info attempt registry request try #1 at 10:00:17 AM
40 http fetch GET https://registry.npmjs.org/gulp/-/gulp-3.9.1.tgz
41 http fetch 200 https://registry.npmjs.org/gulp/-/gulp-3.9.1.tgz
42 silly fetchAndShaCheck shasum 571ce45928dd40af6514fc4011866016c13845b4
43 verbose addTmpTarball /var/folders/l9/b4q67lm57vv7j0g0y2k3lvhc0000gn/T/npm-785-c3e76137/registry.npmjs.org/gulp/-/gulp-3.9.1.tgz not in flight; adding
44 verbose addTmpTarball already have metadata; skipping unpack for gulp@3.9.1
45 verbose correctMkdir /Users/sangdngc60231/.npm correctMkdir not in flight; initializing
46 silly cache afterAdd gulp@3.9.1
47 verbose afterAdd /Users/sangdngc60231/.npm/gulp/3.9.1/package/package.json not in flight; writing
48 verbose correctMkdir /Users/sangdngc60231/.npm correctMkdir not in flight; initializing
49 verbose afterAdd /Users/sangdngc60231/.npm/gulp/3.9.1/package/package.json written
50 silly install resolved [ { name: 'gulp',
50 silly install resolved     description: 'The streaming build system',
50 silly install resolved     version: '3.9.1',
50 silly install resolved     homepage: 'http://gulpjs.com',
50 silly install resolved     repository: { type: 'git', url: 'git+https://github.com/gulpjs/gulp.git' },
50 silly install resolved     author:
50 silly install resolved      { name: 'Fractal',
50 silly install resolved        email: 'contact@wearefractal.com',
50 silly install resolved        url: 'http://wearefractal.com/' },
50 silly install resolved     tags: [ 'build', 'stream', 'system', 'make', 'tool', 'asset', 'pipeline' ],
50 silly install resolved     files: [ 'index.js', 'lib', 'bin', 'completion', 'gulp.1' ],
50 silly install resolved     bin: { gulp: './bin/gulp.js' },
50 silly install resolved     man: [ 'gulp.1' ],
50 silly install resolved     dependencies:
50 silly install resolved      { archy: '^1.0.0',
50 silly install resolved        chalk: '^1.0.0',
50 silly install resolved        deprecated: '^0.0.1',
50 silly install resolved        'gulp-util': '^3.0.0',
50 silly install resolved        interpret: '^1.0.0',
50 silly install resolved        liftoff: '^2.1.0',
50 silly install resolved        minimist: '^1.1.0',
50 silly install resolved        orchestrator: '^0.3.0',
50 silly install resolved        'pretty-hrtime': '^1.0.0',
50 silly install resolved        semver: '^4.1.0',
50 silly install resolved        tildify: '^1.0.0',
50 silly install resolved        v8flags: '^2.0.2',
50 silly install resolved        'vinyl-fs': '^0.3.0' },
50 silly install resolved     devDependencies:
50 silly install resolved      { coveralls: '^2.7.0',
50 silly install resolved        eslint: '^1.7.3',
50 silly install resolved        'eslint-config-gulp': '^2.0.0',
50 silly install resolved        'graceful-fs': '^3.0.0',
50 silly install resolved        istanbul: '^0.3.0',
50 silly install resolved        jscs: '^2.3.5',
50 silly install resolved        'jscs-preset-gulp': '^1.0.0',
50 silly install resolved        'marked-man': '^0.1.3',
50 silly install resolved        mkdirp: '^0.5.0',
50 silly install resolved        mocha: '^2.0.1',
50 silly install resolved        'mocha-lcov-reporter': '^0.0.1',
50 silly install resolved        q: '^1.0.0',
50 silly install resolved        rimraf: '^2.2.5',
50 silly install resolved        should: '^5.0.1' },
50 silly install resolved     scripts:
50 silly install resolved      { prepublish: 'marked-man --name gulp docs/CLI.md > gulp.1',
50 silly install resolved        lint: 'eslint . && jscs *.js bin/ lib/ test/',
50 silly install resolved        pretest: 'npm run lint',
50 silly install resolved        test: 'mocha --reporter spec',
50 silly install resolved        coveralls: 'istanbul cover _mocha --report lcovonly -- -R spec && cat ./coverage/lcov.info | coveralls && rm -rf ./coverage' },
50 silly install resolved     engines: { node: '>= 0.9' },
50 silly install resolved     license: 'MIT',
50 silly install resolved     gitHead: '9c14e3a13a73a32e424f144d62566671b2fcdbed',
50 silly install resolved     bugs: { url: 'https://github.com/gulpjs/gulp/issues' },
50 silly install resolved     _id: 'gulp@3.9.1',
50 silly install resolved     _shasum: '571ce45928dd40af6514fc4011866016c13845b4',
50 silly install resolved     _from: 'gulp@latest',
50 silly install resolved     _npmVersion: '2.14.14',
50 silly install resolved     _nodeVersion: '0.10.41',
50 silly install resolved     _npmUser: { name: 'phated', email: 'blaine@iceddev.com' },
50 silly install resolved     maintainers: [ [Object], [Object] ],
50 silly install resolved     dist:
50 silly install resolved      { shasum: '571ce45928dd40af6514fc4011866016c13845b4',
50 silly install resolved        tarball: 'https://registry.npmjs.org/gulp/-/gulp-3.9.1.tgz' },
50 silly install resolved     _npmOperationalInternal:
50 silly install resolved      { host: 'packages-6-west.internal.npmjs.com',
50 silly install resolved        tmp: 'tmp/gulp-3.9.1.tgz_1454957415500_0.15343931876122952' },
50 silly install resolved     directories: {},
50 silly install resolved     _resolved: 'https://registry.npmjs.org/gulp/-/gulp-3.9.1.tgz' } ]
51 info install gulp@3.9.1 into /usr/local/lib
52 info installOne gulp@3.9.1
53 verbose installOne of gulp to /usr/local/lib not in flight; installing
54 verbose correctMkdir /Users/sangdngc60231/.npm/_locks correctMkdir not in flight; initializing
55 verbose lock using /Users/sangdngc60231/.npm/_locks/gulp-709d00e5d169ceb3.lock for /usr/local/lib/node_modules/gulp
56 silly install write writing gulp 3.9.1 to /usr/local/lib/node_modules/gulp
57 verbose unbuild lib/node_modules/gulp
58 silly gentlyRm /usr/local/lib/node_modules/gulp is being purged from base /usr/local
59 verbose gentlyRm don't care about contents; nuking /usr/local/lib/node_modules/gulp
60 verbose tar unpack /Users/sangdngc60231/.npm/gulp/3.9.1/package.tgz
61 verbose tar unpacking to /usr/local/lib/node_modules/gulp
62 silly gentlyRm /usr/local/lib/node_modules/gulp is being purged
63 verbose gentlyRm don't care about contents; nuking /usr/local/lib/node_modules/gulp
64 silly gunzTarPerm modes [ '755', '644' ]
65 error tar.unpack untar error /Users/sangdngc60231/.npm/gulp/3.9.1/package.tgz
66 verbose unlock done using /Users/sangdngc60231/.npm/_locks/gulp-709d00e5d169ceb3.lock for /usr/local/lib/node_modules/gulp
67 verbose fstream_path /usr/local/lib/node_modules/gulp
68 verbose fstream_type Directory
69 verbose fstream_class DirWriter
70 verbose stack Error: EACCES: permission denied, mkdir '/usr/local/lib/node_modules/gulp'
70 verbose stack     at Error (native)
71 verbose fstream_stack /usr/local/lib/node_modules/npm/node_modules/fstream/lib/dir-writer.js:35:25
71 verbose fstream_stack /usr/local/lib/node_modules/npm/node_modules/mkdirp/index.js:47:53
71 verbose fstream_stack FSReqWrap.oncomplete (fs.js:82:15)
72 verbose cwd /Users/sangdngc60231/Desktop/Fashion/test_git_1
73 error Darwin 15.4.0
74 error argv "/usr/local/bin/node" "/usr/local/bin/npm" "install" "gulp" "-g"
75 error node v4.4.4
76 error npm  v2.15.1
77 error path /usr/local/lib/node_modules/gulp
78 error code EACCES
79 error errno -13
80 error syscall mkdir
81 error Error: EACCES: permission denied, mkdir '/usr/local/lib/node_modules/gulp'
81 error     at Error (native)
81 error  { [Error: EACCES: permission denied, mkdir '/usr/local/lib/node_modules/gulp']
81 error   errno: -13,
81 error   code: 'EACCES',
81 error   syscall: 'mkdir',
81 error   path: '/usr/local/lib/node_modules/gulp',
81 error   fstream_type: 'Directory',
81 error   fstream_path: '/usr/local/lib/node_modules/gulp',
81 error   fstream_class: 'DirWriter',
81 error   fstream_stack:
81 error    [ '/usr/local/lib/node_modules/npm/node_modules/fstream/lib/dir-writer.js:35:25',
81 error      '/usr/local/lib/node_modules/npm/node_modules/mkdirp/index.js:47:53',
81 error      'FSReqWrap.oncomplete (fs.js:82:15)' ] }
82 error Please try running this command again as root/Administrator.
83 verbose exit [ -13, true ]
84 verbose unbuild lib/node_modules/gulp
85 silly gentlyRm /usr/local/lib/node_modules/gulp is being purged from base /usr/local
86 verbose gentlyRm don't care about contents; nuking /usr/local/lib/node_modules/gulp
